<?xml version="1.0" encoding="UTF-8"?>
<!-- Generated by org.testng.reporters.JUnitReportReporter -->
<testsuite skipped="0" hostname="RAKESHG2-TXL" name="Assignment1.FacebookStatusUpload" tests="1" failures="0" timestamp="31 May 2019 09:18:00 GMT" time="30.729" errors="0">
  <testcase name="updateStatus" time="30.729" classname="Assignment1.FacebookStatusUpload"/>
</testsuite> <!-- Assignment1.FacebookStatusUpload -->
