<?xml version="1.0" encoding="UTF-8"?>
<!-- Generated by org.testng.reporters.JUnitReportReporter -->
<testsuite skipped="0" hostname="RAKESHG2-TXL" name="Day6.MultiTest" tests="4" failures="0" timestamp="10 Apr 2019 11:27:05 GMT" time="0.024" errors="0">
  <testcase name="Test4" time="0.009" classname="Day6.MultiTest"/>
  <testcase name="Test3" time="0.003" classname="Day6.MultiTest"/>
  <testcase name="Test2" time="0.003" classname="Day6.MultiTest"/>
  <testcase name="Test1" time="0.009" classname="Day6.MultiTest"/>
</testsuite> <!-- Day6.MultiTest -->
