<?xml version="1.0" encoding="UTF-8"?>
<!-- Generated by org.testng.reporters.JUnitReportReporter -->
<testsuite skipped="0" hostname="RAKESHG2-TXL" name="Assignment2.WalletHubReview" tests="1" failures="0" timestamp="31 May 2019 12:02:55 GMT" time="37.334" errors="0">
  <testcase name="addReview" time="37.334" classname="Assignment2.WalletHubReview"/>
</testsuite> <!-- Assignment2.WalletHubReview -->
