<?xml version="1.0" encoding="UTF-8"?>
<!-- Generated by org.testng.reporters.JUnitReportReporter -->
<testsuite skipped="0" hostname="RAKESHG2-TXL" name="Day6.ValidateURLTest" tests="1" failures="0" timestamp="10 Apr 2019 10:52:17 GMT" time="7.046" errors="0">
  <testcase name="validateUrl" time="7.046" classname="Day6.ValidateURLTest"/>
</testsuite> <!-- Day6.ValidateURLTest -->
